mode: set
mymachine707/storage/inmemory/article.go:11.82,14.14 2 1
mymachine707/storage/inmemory/article.go:18.2,20.16 2 1
mymachine707/storage/inmemory/article.go:24.2,31.12 6 1
mymachine707/storage/inmemory/article.go:14.14,16.3 1 1
mymachine707/storage/inmemory/article.go:20.16,22.3 1 1
mymachine707/storage/inmemory/article.go:35.81,37.14 2 1
mymachine707/storage/inmemory/article.go:41.2,41.46 1 1
mymachine707/storage/inmemory/article.go:59.2,59.48 1 1
mymachine707/storage/inmemory/article.go:37.14,39.3 1 1
mymachine707/storage/inmemory/article.go:41.46,42.39 1 1
mymachine707/storage/inmemory/article.go:45.3,45.39 1 1
mymachine707/storage/inmemory/article.go:42.39,44.4 1 1
mymachine707/storage/inmemory/article.go:45.39,47.18 2 1
mymachine707/storage/inmemory/article.go:50.4,56.22 7 1
mymachine707/storage/inmemory/article.go:47.18,49.5 1 0
mymachine707/storage/inmemory/article.go:63.104,67.46 3 1
mymachine707/storage/inmemory/article.go:81.2,81.18 1 1
mymachine707/storage/inmemory/article.go:67.46,68.100 1 1
mymachine707/storage/inmemory/article.go:68.100,70.21 1 1
mymachine707/storage/inmemory/article.go:74.4,74.18 1 1
mymachine707/storage/inmemory/article.go:77.4,77.9 1 1
mymachine707/storage/inmemory/article.go:70.21,73.5 2 1
mymachine707/storage/inmemory/article.go:74.18,75.10 1 1
mymachine707/storage/inmemory/article.go:85.75,87.46 1 1
mymachine707/storage/inmemory/article.go:99.2,99.40 1 1
mymachine707/storage/inmemory/article.go:87.46,88.47 1 1
mymachine707/storage/inmemory/article.go:88.47,97.4 5 1
mymachine707/storage/inmemory/article.go:103.54,105.46 1 1
mymachine707/storage/inmemory/article.go:120.2,120.70 1 1
mymachine707/storage/inmemory/article.go:105.46,106.20 1 1
mymachine707/storage/inmemory/article.go:106.20,107.26 1 1
mymachine707/storage/inmemory/article.go:114.4,117.14 4 1
mymachine707/storage/inmemory/article.go:107.26,109.5 1 1
mymachine707/storage/inmemory/article.go:123.75,125.2 1 0
mymachine707/storage/inmemory/author.go:11.80,14.14 2 1
mymachine707/storage/inmemory/author.go:17.2,17.28 1 1
mymachine707/storage/inmemory/author.go:20.2,20.27 1 1
mymachine707/storage/inmemory/author.go:24.2,31.12 6 1
mymachine707/storage/inmemory/author.go:14.14,16.3 1 1
mymachine707/storage/inmemory/author.go:17.28,19.3 1 1
mymachine707/storage/inmemory/author.go:20.27,22.3 1 1
mymachine707/storage/inmemory/author.go:35.68,38.45 2 1
mymachine707/storage/inmemory/author.go:47.2,47.47 1 1
mymachine707/storage/inmemory/author.go:38.45,39.39 1 1
mymachine707/storage/inmemory/author.go:42.3,42.39 1 1
mymachine707/storage/inmemory/author.go:39.39,41.4 1 1
mymachine707/storage/inmemory/author.go:42.39,45.4 2 1
mymachine707/storage/inmemory/author.go:51.102,55.45 3 1
mymachine707/storage/inmemory/author.go:67.2,67.18 1 1
mymachine707/storage/inmemory/author.go:55.45,56.108 1 1
mymachine707/storage/inmemory/author.go:56.108,57.21 1 1
mymachine707/storage/inmemory/author.go:61.4,61.18 1 1
mymachine707/storage/inmemory/author.go:64.4,64.9 1 1
mymachine707/storage/inmemory/author.go:57.21,60.5 2 1
mymachine707/storage/inmemory/author.go:61.18,62.10 1 1
mymachine707/storage/inmemory/author.go:71.72,73.45 1 1
mymachine707/storage/inmemory/author.go:86.2,86.39 1 1
mymachine707/storage/inmemory/author.go:73.45,74.46 1 1
mymachine707/storage/inmemory/author.go:74.46,84.4 6 1
mymachine707/storage/inmemory/author.go:90.53,92.45 1 1
mymachine707/storage/inmemory/author.go:107.2,107.69 1 1
mymachine707/storage/inmemory/author.go:92.45,93.20 1 1
mymachine707/storage/inmemory/author.go:93.20,98.26 1 1
mymachine707/storage/inmemory/author.go:101.4,104.14 4 1
mymachine707/storage/inmemory/author.go:98.26,100.5 1 1
mymachine707/storage/inmemory/author.go:110.85,112.2 1 0
