mode: set
mymachine707/storage/inmemory/article.go:11.82,14.14 2 1
mymachine707/storage/inmemory/article.go:18.2,23.16 4 1
mymachine707/storage/inmemory/article.go:27.2,32.12 4 0
mymachine707/storage/inmemory/article.go:14.14,16.3 1 1
mymachine707/storage/inmemory/article.go:23.16,25.3 1 1
mymachine707/storage/inmemory/article.go:36.81,39.46 2 0
mymachine707/storage/inmemory/article.go:57.2,57.48 1 0
mymachine707/storage/inmemory/article.go:39.46,40.39 1 0
mymachine707/storage/inmemory/article.go:43.3,43.39 1 0
mymachine707/storage/inmemory/article.go:40.39,42.4 1 0
mymachine707/storage/inmemory/article.go:43.39,45.18 2 0
mymachine707/storage/inmemory/article.go:48.4,54.22 7 0
mymachine707/storage/inmemory/article.go:45.18,47.5 1 0
mymachine707/storage/inmemory/article.go:61.104,65.46 3 0
mymachine707/storage/inmemory/article.go:79.2,79.18 1 0
mymachine707/storage/inmemory/article.go:65.46,66.100 1 0
mymachine707/storage/inmemory/article.go:66.100,68.21 1 0
mymachine707/storage/inmemory/article.go:72.4,72.18 1 0
mymachine707/storage/inmemory/article.go:75.4,75.9 1 0
mymachine707/storage/inmemory/article.go:68.21,71.5 2 0
mymachine707/storage/inmemory/article.go:72.18,73.10 1 0
mymachine707/storage/inmemory/article.go:83.75,85.46 1 0
mymachine707/storage/inmemory/article.go:97.2,97.40 1 0
mymachine707/storage/inmemory/article.go:85.46,86.47 1 0
mymachine707/storage/inmemory/article.go:86.47,95.4 5 0
mymachine707/storage/inmemory/article.go:101.54,103.46 1 0
mymachine707/storage/inmemory/article.go:118.2,118.70 1 0
mymachine707/storage/inmemory/article.go:103.46,104.20 1 0
mymachine707/storage/inmemory/article.go:104.20,105.26 1 0
mymachine707/storage/inmemory/article.go:112.4,115.14 4 0
mymachine707/storage/inmemory/article.go:105.26,107.5 1 0
mymachine707/storage/inmemory/article.go:121.75,123.2 1 0
mymachine707/storage/inmemory/author.go:11.80,23.2 7 1
mymachine707/storage/inmemory/author.go:26.68,29.45 2 1
mymachine707/storage/inmemory/author.go:38.2,38.47 1 1
mymachine707/storage/inmemory/author.go:29.45,30.39 1 1
mymachine707/storage/inmemory/author.go:33.3,33.39 1 1
mymachine707/storage/inmemory/author.go:30.39,32.4 1 0
mymachine707/storage/inmemory/author.go:33.39,36.4 2 0
mymachine707/storage/inmemory/author.go:42.102,46.45 3 0
mymachine707/storage/inmemory/author.go:58.2,58.18 1 0
mymachine707/storage/inmemory/author.go:46.45,47.108 1 0
mymachine707/storage/inmemory/author.go:47.108,48.21 1 0
mymachine707/storage/inmemory/author.go:52.4,52.18 1 0
mymachine707/storage/inmemory/author.go:55.4,55.9 1 0
mymachine707/storage/inmemory/author.go:48.21,51.5 2 0
mymachine707/storage/inmemory/author.go:52.18,53.10 1 0
mymachine707/storage/inmemory/author.go:62.72,64.45 1 0
mymachine707/storage/inmemory/author.go:77.2,77.39 1 0
mymachine707/storage/inmemory/author.go:64.45,65.46 1 0
mymachine707/storage/inmemory/author.go:65.46,75.4 6 0
mymachine707/storage/inmemory/author.go:81.53,83.45 1 0
mymachine707/storage/inmemory/author.go:98.2,98.69 1 0
mymachine707/storage/inmemory/author.go:83.45,84.20 1 0
mymachine707/storage/inmemory/author.go:84.20,89.26 1 0
mymachine707/storage/inmemory/author.go:92.4,95.14 4 0
mymachine707/storage/inmemory/author.go:89.26,91.5 1 0
mymachine707/storage/inmemory/author.go:101.85,103.2 1 0
