mode: set
mymachine707/storage/inmemory/article.go:11.82,14.14 2 1
mymachine707/storage/inmemory/article.go:18.2,20.16 2 1
mymachine707/storage/inmemory/article.go:24.2,31.12 6 1
mymachine707/storage/inmemory/article.go:14.14,16.3 1 1
mymachine707/storage/inmemory/article.go:20.16,22.3 1 1
mymachine707/storage/inmemory/article.go:35.81,37.14 2 1
mymachine707/storage/inmemory/article.go:41.2,41.46 1 1
mymachine707/storage/inmemory/article.go:59.2,59.48 1 1
mymachine707/storage/inmemory/article.go:37.14,39.3 1 1
mymachine707/storage/inmemory/article.go:41.46,42.39 1 1
mymachine707/storage/inmemory/article.go:45.3,45.39 1 1
mymachine707/storage/inmemory/article.go:42.39,44.4 1 1
mymachine707/storage/inmemory/article.go:45.39,47.18 2 1
mymachine707/storage/inmemory/article.go:50.4,56.22 7 1
mymachine707/storage/inmemory/article.go:47.18,49.5 1 0
mymachine707/storage/inmemory/article.go:63.104,67.46 3 1
mymachine707/storage/inmemory/article.go:81.2,81.18 1 1
mymachine707/storage/inmemory/article.go:67.46,68.100 1 1
mymachine707/storage/inmemory/article.go:68.100,70.21 1 1
mymachine707/storage/inmemory/article.go:74.4,74.18 1 1
mymachine707/storage/inmemory/article.go:77.4,77.9 1 1
mymachine707/storage/inmemory/article.go:70.21,73.5 2 1
mymachine707/storage/inmemory/article.go:74.18,75.10 1 1
mymachine707/storage/inmemory/article.go:85.75,87.46 1 0
mymachine707/storage/inmemory/article.go:99.2,99.40 1 0
mymachine707/storage/inmemory/article.go:87.46,88.47 1 0
mymachine707/storage/inmemory/article.go:88.47,97.4 5 0
mymachine707/storage/inmemory/article.go:103.54,105.46 1 1
mymachine707/storage/inmemory/article.go:120.2,120.70 1 0
mymachine707/storage/inmemory/article.go:105.46,106.20 1 1
mymachine707/storage/inmemory/article.go:106.20,107.26 1 1
mymachine707/storage/inmemory/article.go:114.4,117.14 4 1
mymachine707/storage/inmemory/article.go:107.26,109.5 1 0
mymachine707/storage/inmemory/article.go:123.75,125.2 1 0
mymachine707/storage/inmemory/author.go:11.80,23.2 7 1
mymachine707/storage/inmemory/author.go:26.68,29.45 2 1
mymachine707/storage/inmemory/author.go:38.2,38.47 1 1
mymachine707/storage/inmemory/author.go:29.45,30.39 1 1
mymachine707/storage/inmemory/author.go:33.3,33.39 1 1
mymachine707/storage/inmemory/author.go:30.39,32.4 1 0
mymachine707/storage/inmemory/author.go:33.39,36.4 2 1
mymachine707/storage/inmemory/author.go:42.102,46.45 3 0
mymachine707/storage/inmemory/author.go:58.2,58.18 1 0
mymachine707/storage/inmemory/author.go:46.45,47.108 1 0
mymachine707/storage/inmemory/author.go:47.108,48.21 1 0
mymachine707/storage/inmemory/author.go:52.4,52.18 1 0
mymachine707/storage/inmemory/author.go:55.4,55.9 1 0
mymachine707/storage/inmemory/author.go:48.21,51.5 2 0
mymachine707/storage/inmemory/author.go:52.18,53.10 1 0
mymachine707/storage/inmemory/author.go:62.72,64.45 1 0
mymachine707/storage/inmemory/author.go:77.2,77.39 1 0
mymachine707/storage/inmemory/author.go:64.45,65.46 1 0
mymachine707/storage/inmemory/author.go:65.46,75.4 6 0
mymachine707/storage/inmemory/author.go:81.53,83.45 1 0
mymachine707/storage/inmemory/author.go:98.2,98.69 1 0
mymachine707/storage/inmemory/author.go:83.45,84.20 1 0
mymachine707/storage/inmemory/author.go:84.20,89.26 1 0
mymachine707/storage/inmemory/author.go:92.4,95.14 4 0
mymachine707/storage/inmemory/author.go:89.26,91.5 1 0
mymachine707/storage/inmemory/author.go:101.85,103.2 1 0
